[13:28:56] [main/INFO]: Using mbed TLS based native cipher.
[13:28:56] [main/INFO]: Using zlib based native compressor.
[13:28:56] [main/INFO]: Enabled Waterfall version git:Waterfall-Bootstrap:1.19-R0.1-SNAPSHOT:f6069e2:513
[13:28:56] [main/INFO]: Not on Windows, attempting to use enhanced EpollEventLoop
[13:28:56] [main/INFO]: Epoll is working, utilising it!
[13:28:56] [main/INFO]: Discovered module: ModuleSpec(name=cmd_alert, file=modules/cmd_alert.jar, provider=JenkinsModuleSource())
[13:28:56] [main/INFO]: Discovered module: ModuleSpec(name=cmd_find, file=modules/cmd_find.jar, provider=JenkinsModuleSource())
[13:28:56] [main/INFO]: Discovered module: ModuleSpec(name=cmd_list, file=modules/cmd_list.jar, provider=JenkinsModuleSource())
[13:28:56] [main/INFO]: Discovered module: ModuleSpec(name=cmd_send, file=modules/cmd_send.jar, provider=JenkinsModuleSource())
[13:28:56] [main/INFO]: Discovered module: ModuleSpec(name=cmd_server, file=modules/cmd_server.jar, provider=JenkinsModuleSource())
[13:28:56] [main/INFO]: Discovered module: ModuleSpec(name=reconnect_yaml, file=modules/reconnect_yaml.jar, provider=JenkinsModuleSource())
[13:28:56] [main/INFO]: Attempting to update plugin from null to ModuleVersion(build=513, git=f6069e2)
[13:28:56] [main/INFO]: Attempting to Jenkins download module cmd_alert v513
[13:28:57] [main/INFO]: Download complete
[13:28:57] [main/INFO]: Attempting to update plugin from null to ModuleVersion(build=513, git=f6069e2)
[13:28:57] [main/INFO]: Attempting to Jenkins download module cmd_find v513
[13:28:57] [main/INFO]: Download complete
[13:28:57] [main/INFO]: Attempting to update plugin from null to ModuleVersion(build=513, git=f6069e2)
[13:28:57] [main/INFO]: Attempting to Jenkins download module cmd_list v513
[13:28:57] [main/INFO]: Download complete
[13:28:57] [main/INFO]: Attempting to update plugin from null to ModuleVersion(build=513, git=f6069e2)
[13:28:57] [main/INFO]: Attempting to Jenkins download module cmd_send v513
[13:28:57] [main/INFO]: Download complete
[13:28:57] [main/INFO]: Attempting to update plugin from null to ModuleVersion(build=513, git=f6069e2)
[13:28:57] [main/INFO]: Attempting to Jenkins download module cmd_server v513
[13:28:57] [main/INFO]: Download complete
[13:28:57] [main/INFO]: Attempting to update plugin from null to ModuleVersion(build=513, git=f6069e2)
[13:28:57] [main/INFO]: Attempting to Jenkins download module reconnect_yaml v513
[13:28:57] [main/INFO]: Download complete
[13:28:58] [main/INFO]: Loaded plugin reconnect_yaml version git:reconnect_yaml:1.19-R0.1-SNAPSHOT:f6069e2:513 by WaterfallMC
[13:28:58] [main/INFO]: Loaded plugin cmd_find version git:cmd_find:1.19-R0.1-SNAPSHOT:f6069e2:513 by WaterfallMC
[13:28:58] [main/INFO]: Loaded plugin cmd_server version git:cmd_server:1.19-R0.1-SNAPSHOT:f6069e2:513 by WaterfallMC
[13:28:58] [main/INFO]: Loaded plugin cmd_alert version git:cmd_alert:1.19-R0.1-SNAPSHOT:f6069e2:513 by WaterfallMC
[13:28:58] [main/INFO]: Loaded plugin cmd_send version git:cmd_send:1.19-R0.1-SNAPSHOT:f6069e2:513 by WaterfallMC
[13:28:58] [main/INFO]: Loaded plugin cmd_list version git:cmd_list:1.19-R0.1-SNAPSHOT:f6069e2:513 by WaterfallMC
[13:28:58] [main/WARN]: :>:>:>:>:>:>:>:>:>:>:>:>:>:>:>:>:>:>:>:>:>:>:>
[13:28:58] [main/WARN]: :>  
[13:28:58] [main/WARN]: :>      EAGLERCRAFTXBUNGEE WARNING:
[13:28:58] [main/WARN]: :>  
[13:28:58] [main/WARN]: :>  This plugin wasn't tested to be 'working'
[13:28:58] [main/WARN]: :>  with ANY version of BungeeCord (and forks)
[13:28:58] [main/WARN]: :>  apart from the versions listed below:
[13:28:58] [main/WARN]: :>  
[13:28:58] [main/WARN]: :>  - BungeeCord: 1.20-R0.3-SNAPSHOT:eda268b:1797
[13:28:58] [main/WARN]: :>  - Waterfall: 1.20-R0.2-SNAPSHOT:92b5149:562
[13:28:58] [main/WARN]: :>  - FlameCord: 1.1.1
[13:28:58] [main/WARN]: :>  
[13:28:58] [main/WARN]: :>  This is not a Bukkit/Spigot plugin!
[13:28:58] [main/WARN]: :>  
[13:28:58] [main/WARN]: :>  Use "-Deaglerxbungee.stfu=true" to hide
[13:28:58] [main/WARN]: :>  
[13:28:58] [main/WARN]: :>:>:>:>:>:>:>:>:>:>:>:>:>:>:>:>:>:>:>:>:>:>:>
[13:28:58] [main/INFO] [EaglercraftXBungee]: Loading vanilla profile: lax1dude
[13:28:59] [Skin Download Thread #1/INFO] [EaglercraftXBungee]: Loaded vanilla profile: lax1dude
[13:28:59] [main/INFO]: Loaded plugin EaglercraftXBungee version 1.0.10 by lax1dude
[13:28:59] [main/WARN]: Forced host server pvp is not defined
[13:28:59] [main/INFO]: Enabled plugin reconnect_yaml version git:reconnect_yaml:1.19-R0.1-SNAPSHOT:f6069e2:513 by WaterfallMC
[13:28:59] [main/INFO]: Enabled plugin cmd_find version git:cmd_find:1.19-R0.1-SNAPSHOT:f6069e2:513 by WaterfallMC
[13:28:59] [main/INFO]: Enabled plugin cmd_server version git:cmd_server:1.19-R0.1-SNAPSHOT:f6069e2:513 by WaterfallMC
[13:28:59] [main/INFO]: Enabled plugin cmd_alert version git:cmd_alert:1.19-R0.1-SNAPSHOT:f6069e2:513 by WaterfallMC
[13:28:59] [main/INFO]: Enabled plugin cmd_send version git:cmd_send:1.19-R0.1-SNAPSHOT:f6069e2:513 by WaterfallMC
[13:28:59] [main/INFO]: Enabled plugin cmd_list version git:cmd_list:1.19-R0.1-SNAPSHOT:f6069e2:513 by WaterfallMC
[13:28:59] [main/ERROR] [EaglercraftXBungee]: Online mode is set to false! Authentication system has been disabled
[13:28:59] [Netty Worker IO Thread #0/INFO] [EaglercraftXBungee]: Eaglercraft is listening on: /0.0.0.0:8081
[13:28:59] [main/INFO] [EaglercraftXBungee]: Downloading from maven: https://repo1.maven.org/maven2/org/xerial/sqlite-jdbc/3.45.0.0/sqlite-jdbc-3.45.0.0.jar
[13:29:00] [EaglerXBungee: Network Tick Tasks/INFO] [EaglercraftXBungee]: Downloading new certificate: https://eaglercraft.com/backup.cert
[13:29:00] [EaglerXBungee: Network Tick Tasks/INFO] [EaglercraftXBungee]: Loaded certificate: /workspaces/LUMINA/bungee/plugins/EaglercraftXBungee/eagcert/$dl.24a1bafc15c675276968d78cdcb55a04992bddb0.cert
[13:29:02] [main/INFO] [EaglercraftXBungee]: Connected to database: jdbc:sqlite:eaglercraft_skins_cache.db
[13:29:02] [main/INFO]: Enabled plugin EaglercraftXBungee version 1.0.10 by lax1dude
[13:29:02] [Netty Boss IO Thread #0/INFO]: Listening on /127.0.0.1:25577
[13:34:33] [Netty Worker IO Thread #0/WARN] [EaglercraftXBungee]: Server icon is not a file: /workspaces/LUMINA/bungee/server-icon.png
[13:34:34] [Netty Worker IO Thread #1/INFO] [EaglercraftXBungee]: [/[0:0:0:0:0:0:0:1%0]:52086]: Connected via websocket
[13:34:34] [Netty Worker IO Thread #1/INFO] [EaglercraftXBungee]: [/[0:0:0:0:0:0:0:1%0]:52086]: Origin header is null
[13:34:34] [Netty Worker IO Thread #1/INFO] [EaglercraftXBungee]: [/[0:0:0:0:0:0:0:1%0]:52086]: Logged in as 'itsthemoneyman'
[13:34:34] [Netty Worker IO Thread #1/INFO]: [/[0:0:0:0:0:0:0:1%0]:52086|itsthemoneyman] -> UpstreamBridge has connected
[13:34:34] [Netty Worker IO Thread #1/INFO]: [itsthemoneyman|/[0:0:0:0:0:0:0:1%0]:52086] <-> ServerConnector [lobby] has connected
[13:38:49] [Netty Worker IO Thread #1/INFO]: [itsthemoneyman] disconnected with: Server closed
[13:38:49] [Netty Worker IO Thread #1/INFO]: [/[0:0:0:0:0:0:0:1%0]:52086|itsthemoneyman] -> UpstreamBridge has disconnected
[13:38:49] [Netty Worker IO Thread #1/INFO]: [/[0:0:0:0:0:0:0:1%0]:52086|itsthemoneyman] <-> DownstreamBridge <-> [lobby] has disconnected
[13:38:58] [Netty Worker IO Thread #2/INFO] [EaglercraftXBungee]: [/[0:0:0:0:0:0:0:1%0]:55892]: Connected via websocket
[13:38:58] [Netty Worker IO Thread #2/INFO] [EaglercraftXBungee]: [/[0:0:0:0:0:0:0:1%0]:55892]: Origin header is null
[13:38:58] [Netty Worker IO Thread #2/INFO] [EaglercraftXBungee]: [/[0:0:0:0:0:0:0:1%0]:55892]: Logged in as 'itsthemoneyman'
[13:38:58] [Netty Worker IO Thread #2/INFO]: [/[0:0:0:0:0:0:0:1%0]:55892|itsthemoneyman] -> UpstreamBridge has connected
[13:38:58] [Netty Worker IO Thread #2/WARN]: Error occurred processing connection for itsthemoneyman AnnotatedConnectException : finishConnect(..) failed: Connection refused: localhost/127.0.0.1:25565
[13:38:58] [Netty Worker IO Thread #2/INFO]: [itsthemoneyman] disconnected with: Could not connect to a default or fallback server. Incorrectly configured address/port/firewall? 
[13:38:58] [Netty Worker IO Thread #2/INFO]: [/[0:0:0:0:0:0:0:1%0]:55892|itsthemoneyman] -> UpstreamBridge has disconnected
[13:40:44] [Netty Worker IO Thread #3/INFO] [EaglercraftXBungee]: [/[0:0:0:0:0:0:0:1%0]:46350]: Connected via websocket
[13:40:44] [Netty Worker IO Thread #3/INFO] [EaglercraftXBungee]: [/[0:0:0:0:0:0:0:1%0]:46350]: Origin header is null
[13:40:44] [Netty Worker IO Thread #3/INFO] [EaglercraftXBungee]: [/[0:0:0:0:0:0:0:1%0]:46350]: Logged in as 'itsthemoneyman'
[13:40:44] [Netty Worker IO Thread #3/INFO]: [/[0:0:0:0:0:0:0:1%0]:46350|itsthemoneyman] -> UpstreamBridge has connected
[13:40:44] [Netty Worker IO Thread #3/INFO]: [itsthemoneyman|/[0:0:0:0:0:0:0:1%0]:46350] <-> ServerConnector [lobby] has connected
[13:42:02] [main/INFO]: Command not found
[13:42:04] [main/INFO]: Command not found
[13:46:25] [Netty Worker IO Thread #3/INFO]: [/[0:0:0:0:0:0:0:1%0]:46350|itsthemoneyman] -> UpstreamBridge has disconnected
[13:46:25] [Netty Worker IO Thread #3/INFO]: [itsthemoneyman] disconnected with: Proxy lost connection to server.
[13:46:25] [Netty Worker IO Thread #3/INFO]: [/[0:0:0:0:0:0:0:1%0]:46350|itsthemoneyman] <-> DownstreamBridge <-> [lobby] has disconnected
[13:46:29] [Netty Worker IO Thread #1/INFO] [EaglercraftXBungee]: [/[0:0:0:0:0:0:0:1%0]:58392]: Connected via websocket
[13:46:29] [Netty Worker IO Thread #1/INFO] [EaglercraftXBungee]: [/[0:0:0:0:0:0:0:1%0]:58392]: Origin header is null
[13:46:29] [Netty Worker IO Thread #1/INFO] [EaglercraftXBungee]: [/[0:0:0:0:0:0:0:1%0]:58392]: Logged in as 'itsthemoneyman'
[13:46:29] [Netty Worker IO Thread #1/INFO]: [/[0:0:0:0:0:0:0:1%0]:58392|itsthemoneyman] -> UpstreamBridge has connected
[13:46:29] [Netty Worker IO Thread #1/INFO]: [itsthemoneyman|/[0:0:0:0:0:0:0:1%0]:58392] <-> ServerConnector [lobby] has connected
[14:07:22] [Netty Worker IO Thread #1/INFO]: [itsthemoneyman] disconnected with: Server closed
[14:07:22] [Netty Worker IO Thread #1/INFO]: [/[0:0:0:0:0:0:0:1%0]:58392|itsthemoneyman] -> UpstreamBridge has disconnected
[14:07:22] [Netty Worker IO Thread #1/INFO]: [/[0:0:0:0:0:0:0:1%0]:58392|itsthemoneyman] <-> DownstreamBridge <-> [lobby] has disconnected
